# JRE version: OpenJDK Runtime Environment Microsoft-8035246 (17.0.8+7) (build 17.0.8+7-LTS)
# Java VM: OpenJDK 64-Bit Server VM Microsoft-8035246 (17.0.8+7-LTS, mixed mode, sharing, tiered, compressed oops, compressed class ptrs, g1 gc, windows-amd64)
GC Precious Log:
 CPUs: 8 total, 8 available
 Memory: 16237M
 Large Page Support: Disabled
 NUMA Support: Disabled
 Compressed Oops: Enabled (32-bit)
 Heap Region Size: 1M
 Heap Min Capacity: 8M
 Heap Initial Capacity: 254M
 Heap Max Capacity: 2G
 Pre-touch: Disabled
 Parallel Workers: 8
 Concurrent Workers: 2
 Concurrent Refinement Workers: 8
 Periodic GC: Disabled
Heap:
 garbage-first heap   total 327680K, used 257165K [0x0000000080000000, 0x0000000100000000)
  region size 1024K, 73 young (74752K), 5 survivors (5120K)
 Metaspace       used 106166K, committed 107264K, reserved 557056K
  class space    used 14754K, committed 15296K, reserved 425984K
GC Heap History (20 events):
Event: 34.484 GC heap before
{Heap before GC invocations=40 (full 0):
 garbage-first heap   total 154624K, used 123769K [0x0000000080000000, 0x0000000100000000)
  region size 1024K, 34 young (34816K), 1 survivors (1024K)
 Metaspace       used 78820K, committed 79552K, reserved 557056K
  class space    used 10924K, committed 11264K, reserved 425984K
}
Event: 34.492 GC heap after
{Heap after GC invocations=41 (full 0):
 garbage-first heap   total 154624K, used 91505K [0x0000000080000000, 0x0000000100000000)
  region size 1024K, 2 young (2048K), 2 survivors (2048K)
 Metaspace       used 78820K, committed 79552K, reserved 557056K
  class space    used 10924K, committed 11264K, reserved 425984K
}
Event: 35.223 GC heap before
{Heap before GC invocations=41 (full 0):
 garbage-first heap   total 154624K, used 125297K [0x0000000080000000, 0x0000000100000000)
  region size 1024K, 35 young (35840K), 2 survivors (2048K)
 Metaspace       used 81488K, committed 82240K, reserved 557056K
  class space    used 11265K, committed 11648K, reserved 425984K
}
Event: 35.229 GC heap after
{Heap after GC invocations=42 (full 0):
 garbage-first heap   total 154624K, used 92777K [0x0000000080000000, 0x0000000100000000)
  region size 1024K, 3 young (3072K), 3 survivors (3072K)
 Metaspace       used 81488K, committed 82240K, reserved 557056K
  class space    used 11265K, committed 11648K, reserved 425984K
}
Event: 35.769 GC heap before
{Heap before GC invocations=42 (full 0):
 garbage-first heap   total 154624K, used 127593K [0x0000000080000000, 0x0000000100000000)
  region size 1024K, 37 young (37888K), 3 survivors (3072K)
 Metaspace       used 82181K, committed 82944K, reserved 557056K
  class space    used 11374K, committed 11712K, reserved 425984K
}
Event: 35.777 GC heap after
{Heap after GC invocations=43 (full 0):
 garbage-first heap   total 154624K, used 95395K [0x0000000080000000, 0x0000000100000000)
  region size 1024K, 4 young (4096K), 4 survivors (4096K)
 Metaspace       used 82181K, committed 82944K, reserved 557056K
  class space    used 11374K, committed 11712K, reserved 425984K
}
Event: 49.425 GC heap before
{Heap before GC invocations=43 (full 0):
 garbage-first heap   total 154624K, used 128163K [0x0000000080000000, 0x0000000100000000)
  region size 1024K, 36 young (36864K), 4 survivors (4096K)
 Metaspace       used 83397K, committed 84160K, reserved 557056K
  class space    used 11544K, committed 11904K, reserved 425984K
}
Event: 49.440 GC heap after
{Heap after GC invocations=44 (full 0):
 garbage-first heap   total 327680K, used 97904K [0x0000000080000000, 0x0000000100000000)
  region size 1024K, 5 young (5120K), 5 survivors (5120K)
 Metaspace       used 83397K, committed 84160K, reserved 557056K
  class space    used 11544K, committed 11904K, reserved 425984K
}
Event: 52.894 GC heap before
{Heap before GC invocations=44 (full 0):
 garbage-first heap   total 327680K, used 251504K [0x0000000080000000, 0x0000000100000000)
  region size 1024K, 154 young (157696K), 5 survivors (5120K)
 Metaspace       used 93463K, committed 94336K, reserved 557056K
  class space    used 13113K, committed 13504K, reserved 425984K
}
Event: 52.916 GC heap after
{Heap after GC invocations=45 (full 0):
 garbage-first heap   total 327680K, used 108595K [0x0000000080000000, 0x0000000100000000)
  region size 1024K, 16 young (16384K), 16 survivors (16384K)
 Metaspace       used 93463K, committed 94336K, reserved 557056K
  class space    used 13113K, committed 13504K, reserved 425984K
}
Event: 56.669 GC heap before
{Heap before GC invocations=45 (full 0):
 garbage-first heap   total 327680K, used 264243K [0x0000000080000000, 0x0000000100000000)
  region size 1024K, 161 young (164864K), 16 survivors (16384K)
 Metaspace       used 96793K, committed 97792K, reserved 557056K
  class space    used 13468K, committed 13952K, reserved 425984K
}
Event: 56.709 GC heap after
{Heap after GC invocations=46 (full 0):
 garbage-first heap   total 327680K, used 146245K [0x0000000080000000, 0x0000000100000000)
  region size 1024K, 21 young (21504K), 21 survivors (21504K)
 Metaspace       used 96793K, committed 97792K, reserved 557056K
  class space    used 13468K, committed 13952K, reserved 425984K
}
Event: 58.832 GC heap before
{Heap before GC invocations=46 (full 0):
 garbage-first heap   total 327680K, used 253765K [0x0000000080000000, 0x0000000100000000)
  region size 1024K, 126 young (129024K), 21 survivors (21504K)
 Metaspace       used 103216K, committed 104256K, reserved 557056K
  class space    used 14363K, committed 14848K, reserved 425984K
}
Event: 58.858 GC heap after
{Heap after GC invocations=47 (full 0):
 garbage-first heap   total 327680K, used 156923K [0x0000000080000000, 0x0000000100000000)
  region size 1024K, 10 young (10240K), 10 survivors (10240K)
 Metaspace       used 103216K, committed 104256K, reserved 557056K
  class space    used 14363K, committed 14848K, reserved 425984K
}
Event: 60.511 GC heap before
{Heap before GC invocations=47 (full 0):
 garbage-first heap   total 327680K, used 259323K [0x0000000080000000, 0x0000000100000000)
  region size 1024K, 110 young (112640K), 10 survivors (10240K)
 Metaspace       used 104963K, committed 106112K, reserved 557056K
  class space    used 14569K, committed 15104K, reserved 425984K
}
Event: 60.538 GC heap after
{Heap after GC invocations=48 (full 0):
 garbage-first heap   total 327680K, used 168320K [0x0000000080000000, 0x0000000100000000)
  region size 1024K, 11 young (11264K), 11 survivors (11264K)
 Metaspace       used 104963K, committed 106112K, reserved 557056K
  class space    used 14569K, committed 15104K, reserved 425984K
}
Event: 61.779 GC heap before
{Heap before GC invocations=48 (full 0):
 garbage-first heap   total 327680K, used 262528K [0x0000000080000000, 0x0000000100000000)
  region size 1024K, 103 young (105472K), 11 survivors (11264K)
 Metaspace       used 105993K, committed 107136K, reserved 557056K
  class space    used 14742K, committed 15296K, reserved 425984K
}
Event: 61.808 GC heap after
{Heap after GC invocations=49 (full 0):
 garbage-first heap   total 327680K, used 177918K [0x0000000080000000, 0x0000000100000000)
  region size 1024K, 10 young (10240K), 10 survivors (10240K)
 Metaspace       used 105993K, committed 107136K, reserved 557056K
  class space    used 14742K, committed 15296K, reserved 425984K
}
Event: 62.699 GC heap before
{Heap before GC invocations=49 (full 0):
 garbage-first heap   total 327680K, used 263934K [0x0000000080000000, 0x0000000100000000)
  region size 1024K, 95 young (97280K), 10 survivors (10240K)
 Metaspace       used 106033K, committed 107136K, reserved 557056K
  class space    used 14743K, committed 15296K, reserved 425984K
}
Event: 62.717 GC heap after
{Heap after GC invocations=50 (full 0):
 garbage-first heap   total 327680K, used 180365K [0x0000000080000000, 0x0000000100000000)
  region size 1024K, 5 young (5120K), 5 survivors (5120K)
 Metaspace       used 106033K, committed 107136K, reserved 557056K
  class space    used 14743K, committed 15296K, reserved 425984K
}

